  lab_4.cpp
C:\projects\sem 3\sem_4_lab_4\lab_4.cpp(59,17): warning C4566: символ, представленный универсальным именем символа "\u00CD", невозможно представить в текущей кодовой странице (1251)
C:\projects\sem 3\sem_4_lab_4\lab_4.cpp(59,17): warning C4566: символ, представленный универсальным именем символа "\u00E5", невозможно представить в текущей кодовой странице (1251)
C:\projects\sem 3\sem_4_lab_4\lab_4.cpp(59,17): warning C4566: символ, представленный универсальным именем символа "\u00E2", невозможно представить в текущей кодовой странице (1251)
C:\projects\sem 3\sem_4_lab_4\lab_4.cpp(59,17): warning C4566: символ, представленный универсальным именем символа "\u00EE", невозможно представить в текущей кодовой странице (1251)
C:\projects\sem 3\sem_4_lab_4\lab_4.cpp(59,17): warning C4566: символ, представленный универсальным именем символа "\u00E7", невозможно представить в текущей кодовой странице (1251)
C:\projects\sem 3\sem_4_lab_4\lab_4.cpp(59,17): warning C4566: символ, представленный универсальным именем символа "\u00EC", невозможно представить в текущей кодовой странице (1251)
C:\projects\sem 3\sem_4_lab_4\lab_4.cpp(59,17): warning C4566: символ, представленный универсальным именем символа "\u00E6", невозможно представить в текущей кодовой странице (1251)
C:\projects\sem 3\sem_4_lab_4\lab_4.cpp(59,17): warning C4566: символ, представленный универсальным именем символа "\u00ED", невозможно представить в текущей кодовой странице (1251)
C:\projects\sem 3\sem_4_lab_4\lab_4.cpp(59,17): warning C4566: символ, представленный универсальным именем символа "\u00EF", невозможно представить в текущей кодовой странице (1251)
C:\projects\sem 3\sem_4_lab_4\lab_4.cpp(59,17): warning C4566: символ, представленный универсальным именем символа "\u00F0", невозможно представить в текущей кодовой странице (1251)
C:\projects\sem 3\sem_4_lab_4\lab_4.cpp(59,17): warning C4566: символ, представленный универсальным именем символа "\u00F1", невозможно представить в текущей кодовой странице (1251)
C:\projects\sem 3\sem_4_lab_4\lab_4.cpp(59,17): warning C4566: символ, представленный универсальным именем символа "\u00F2", невозможно представить в текущей кодовой странице (1251)
C:\projects\sem 3\sem_4_lab_4\lab_4.cpp(59,17): warning C4566: символ, представленный универсальным именем символа "\u00E8", невозможно представить в текущей кодовой странице (1251)
C:\projects\sem 3\sem_4_lab_4\lab_4.cpp(59,17): warning C4566: символ, представленный универсальным именем символа "\u00E0", невозможно представить в текущей кодовой странице (1251)
C:\projects\sem 3\sem_4_lab_4\lab_4.cpp(59,17): warning C4566: символ, представленный универсальным именем символа "\u00F6", невозможно представить в текущей кодовой странице (1251)
C:\projects\sem 3\sem_4_lab_4\lab_4.cpp(59,17): warning C4566: символ, представленный универсальным именем символа "\u00FE", невозможно представить в текущей кодовой странице (1251)
C:\projects\sem 3\sem_4_lab_4\lab_4.cpp(59,17): warning C4566: символ, представленный универсальным именем символа "\u00D0", невозможно представить в текущей кодовой странице (1251)
C:\projects\sem 3\sem_4_lab_4\lab_4.cpp(59,17): warning C4566: символ, представленный универсальным именем символа "\u00FB", невозможно представить в текущей кодовой странице (1251)
C:\projects\sem 3\sem_4_lab_4\lab_4.cpp(59,17): warning C4566: символ, представленный универсальным именем символа "\u00E4", невозможно представить в текущей кодовой странице (1251)
C:\projects\sem 3\sem_4_lab_4\lab_4.cpp(59,17): warning C4566: символ, представленный универсальным именем символа "\u00C2", невозможно представить в текущей кодовой странице (1251)
C:\projects\sem 3\sem_4_lab_4\lab_4.cpp(59,17): warning C4566: символ, представленный универсальным именем символа "\u00F9", невозможно представить в текущей кодовой странице (1251)
C:\projects\sem 3\sem_4_lab_4\lab_4.cpp(59,17): warning C4566: символ, представленный универсальным именем символа "\u00F3", невозможно представить в текущей кодовой странице (1251)
C:\projects\sem 3\sem_4_lab_4\lab_4.cpp(59,17): warning C4566: символ, представленный универсальным именем символа "\u00EB", невозможно представить в текущей кодовой странице (1251)
C:\projects\sem 3\sem_4_lab_4\lab_4.cpp(75,17): warning C4566: символ, представленный универсальным именем символа "\u00CD", невозможно представить в текущей кодовой странице (1251)
C:\projects\sem 3\sem_4_lab_4\lab_4.cpp(75,17): warning C4566: символ, представленный универсальным именем символа "\u00E5", невозможно представить в текущей кодовой странице (1251)
C:\projects\sem 3\sem_4_lab_4\lab_4.cpp(75,17): warning C4566: символ, представленный универсальным именем символа "\u00E2", невозможно представить в текущей кодовой странице (1251)
C:\projects\sem 3\sem_4_lab_4\lab_4.cpp(75,17): warning C4566: символ, представленный универсальным именем символа "\u00EE", невозможно представить в текущей кодовой странице (1251)
C:\projects\sem 3\sem_4_lab_4\lab_4.cpp(75,17): warning C4566: символ, представленный универсальным именем символа "\u00E7", невозможно представить в текущей кодовой странице (1251)
C:\projects\sem 3\sem_4_lab_4\lab_4.cpp(75,17): warning C4566: символ, представленный универсальным именем символа "\u00EC", невозможно представить в текущей кодовой странице (1251)
C:\projects\sem 3\sem_4_lab_4\lab_4.cpp(75,17): warning C4566: символ, представленный универсальным именем символа "\u00E6", невозможно представить в текущей кодовой странице (1251)
C:\projects\sem 3\sem_4_lab_4\lab_4.cpp(75,17): warning C4566: символ, представленный универсальным именем символа "\u00ED", невозможно представить в текущей кодовой странице (1251)
C:\projects\sem 3\sem_4_lab_4\lab_4.cpp(75,17): warning C4566: символ, представленный универсальным именем символа "\u00EF", невозможно представить в текущей кодовой странице (1251)
C:\projects\sem 3\sem_4_lab_4\lab_4.cpp(75,17): warning C4566: символ, представленный универсальным именем символа "\u00F0", невозможно представить в текущей кодовой странице (1251)
C:\projects\sem 3\sem_4_lab_4\lab_4.cpp(75,17): warning C4566: символ, представленный универсальным именем символа "\u00F1", невозможно представить в текущей кодовой странице (1251)
C:\projects\sem 3\sem_4_lab_4\lab_4.cpp(75,17): warning C4566: символ, представленный универсальным именем символа "\u00F2", невозможно представить в текущей кодовой странице (1251)
C:\projects\sem 3\sem_4_lab_4\lab_4.cpp(75,17): warning C4566: символ, представленный универсальным именем символа "\u00E8", невозможно представить в текущей кодовой странице (1251)
C:\projects\sem 3\sem_4_lab_4\lab_4.cpp(75,17): warning C4566: символ, представленный универсальным именем символа "\u00E0", невозможно представить в текущей кодовой странице (1251)
C:\projects\sem 3\sem_4_lab_4\lab_4.cpp(75,17): warning C4566: символ, представленный универсальным именем символа "\u00F6", невозможно представить в текущей кодовой странице (1251)
C:\projects\sem 3\sem_4_lab_4\lab_4.cpp(75,17): warning C4566: символ, представленный универсальным именем символа "\u00FE", невозможно представить в текущей кодовой странице (1251)
C:\projects\sem 3\sem_4_lab_4\lab_4.cpp(75,17): warning C4566: символ, представленный универсальным именем символа "\u00D0", невозможно представить в текущей кодовой странице (1251)
C:\projects\sem 3\sem_4_lab_4\lab_4.cpp(75,17): warning C4566: символ, представленный универсальным именем символа "\u00FB", невозможно представить в текущей кодовой странице (1251)
C:\projects\sem 3\sem_4_lab_4\lab_4.cpp(75,17): warning C4566: символ, представленный универсальным именем символа "\u00E4", невозможно представить в текущей кодовой странице (1251)
C:\projects\sem 3\sem_4_lab_4\lab_4.cpp(75,17): warning C4566: символ, представленный универсальным именем символа "\u00C2", невозможно представить в текущей кодовой странице (1251)
C:\projects\sem 3\sem_4_lab_4\lab_4.cpp(75,17): warning C4566: символ, представленный универсальным именем символа "\u00F9", невозможно представить в текущей кодовой странице (1251)
C:\projects\sem 3\sem_4_lab_4\lab_4.cpp(75,17): warning C4566: символ, представленный универсальным именем символа "\u00F3", невозможно представить в текущей кодовой странице (1251)
C:\projects\sem 3\sem_4_lab_4\lab_4.cpp(75,17): warning C4566: символ, представленный универсальным именем символа "\u00EB", невозможно представить в текущей кодовой странице (1251)
C:\projects\sem 3\sem_4_lab_4\lab_4.cpp(91,17): warning C4566: символ, представленный универсальным именем символа "\u00CD", невозможно представить в текущей кодовой странице (1251)
C:\projects\sem 3\sem_4_lab_4\lab_4.cpp(91,17): warning C4566: символ, представленный универсальным именем символа "\u00E5", невозможно представить в текущей кодовой странице (1251)
C:\projects\sem 3\sem_4_lab_4\lab_4.cpp(91,17): warning C4566: символ, представленный универсальным именем символа "\u00E2", невозможно представить в текущей кодовой странице (1251)
C:\projects\sem 3\sem_4_lab_4\lab_4.cpp(91,17): warning C4566: символ, представленный универсальным именем символа "\u00EE", невозможно представить в текущей кодовой странице (1251)
C:\projects\sem 3\sem_4_lab_4\lab_4.cpp(91,17): warning C4566: символ, представленный универсальным именем символа "\u00E7", невозможно представить в текущей кодовой странице (1251)
C:\projects\sem 3\sem_4_lab_4\lab_4.cpp(91,17): warning C4566: символ, представленный универсальным именем символа "\u00EC", невозможно представить в текущей кодовой странице (1251)
C:\projects\sem 3\sem_4_lab_4\lab_4.cpp(91,17): warning C4566: символ, представленный универсальным именем символа "\u00E6", невозможно представить в текущей кодовой странице (1251)
C:\projects\sem 3\sem_4_lab_4\lab_4.cpp(91,17): warning C4566: символ, представленный универсальным именем символа "\u00ED", невозможно представить в текущей кодовой странице (1251)
C:\projects\sem 3\sem_4_lab_4\lab_4.cpp(91,17): warning C4566: символ, представленный универсальным именем символа "\u00EF", невозможно представить в текущей кодовой странице (1251)
C:\projects\sem 3\sem_4_lab_4\lab_4.cpp(91,17): warning C4566: символ, представленный универсальным именем символа "\u00F0", невозможно представить в текущей кодовой странице (1251)
C:\projects\sem 3\sem_4_lab_4\lab_4.cpp(91,17): warning C4566: символ, представленный универсальным именем символа "\u00F1", невозможно представить в текущей кодовой странице (1251)
C:\projects\sem 3\sem_4_lab_4\lab_4.cpp(91,17): warning C4566: символ, представленный универсальным именем символа "\u00F2", невозможно представить в текущей кодовой странице (1251)
C:\projects\sem 3\sem_4_lab_4\lab_4.cpp(91,17): warning C4566: символ, представленный универсальным именем символа "\u00E8", невозможно представить в текущей кодовой странице (1251)
C:\projects\sem 3\sem_4_lab_4\lab_4.cpp(91,17): warning C4566: символ, представленный универсальным именем символа "\u00E0", невозможно представить в текущей кодовой странице (1251)
C:\projects\sem 3\sem_4_lab_4\lab_4.cpp(91,17): warning C4566: символ, представленный универсальным именем символа "\u00F6", невозможно представить в текущей кодовой странице (1251)
C:\projects\sem 3\sem_4_lab_4\lab_4.cpp(91,17): warning C4566: символ, представленный универсальным именем символа "\u00FE", невозможно представить в текущей кодовой странице (1251)
C:\projects\sem 3\sem_4_lab_4\lab_4.cpp(91,17): warning C4566: символ, представленный универсальным именем символа "\u00D0", невозможно представить в текущей кодовой странице (1251)
C:\projects\sem 3\sem_4_lab_4\lab_4.cpp(91,17): warning C4566: символ, представленный универсальным именем символа "\u00FB", невозможно представить в текущей кодовой странице (1251)
C:\projects\sem 3\sem_4_lab_4\lab_4.cpp(91,17): warning C4566: символ, представленный универсальным именем символа "\u00E4", невозможно представить в текущей кодовой странице (1251)
C:\projects\sem 3\sem_4_lab_4\lab_4.cpp(91,17): warning C4566: символ, представленный универсальным именем символа "\u00C2", невозможно представить в текущей кодовой странице (1251)
C:\projects\sem 3\sem_4_lab_4\lab_4.cpp(91,17): warning C4566: символ, представленный универсальным именем символа "\u00F9", невозможно представить в текущей кодовой странице (1251)
C:\projects\sem 3\sem_4_lab_4\lab_4.cpp(91,17): warning C4566: символ, представленный универсальным именем символа "\u00F3", невозможно представить в текущей кодовой странице (1251)
C:\projects\sem 3\sem_4_lab_4\lab_4.cpp(91,17): warning C4566: символ, представленный универсальным именем символа "\u00EB", невозможно представить в текущей кодовой странице (1251)
C:\projects\sem 3\sem_4_lab_4\lab_4.cpp(109,17): warning C4566: символ, представленный универсальным именем символа "\u00CD", невозможно представить в текущей кодовой странице (1251)
C:\projects\sem 3\sem_4_lab_4\lab_4.cpp(109,17): warning C4566: символ, представленный универсальным именем символа "\u00E5", невозможно представить в текущей кодовой странице (1251)
C:\projects\sem 3\sem_4_lab_4\lab_4.cpp(109,17): warning C4566: символ, представленный универсальным именем символа "\u00E2", невозможно представить в текущей кодовой странице (1251)
C:\projects\sem 3\sem_4_lab_4\lab_4.cpp(109,17): warning C4566: символ, представленный универсальным именем символа "\u00EE", невозможно представить в текущей кодовой странице (1251)
C:\projects\sem 3\sem_4_lab_4\lab_4.cpp(109,17): warning C4566: символ, представленный универсальным именем символа "\u00E7", невозможно представить в текущей кодовой странице (1251)
C:\projects\sem 3\sem_4_lab_4\lab_4.cpp(109,17): warning C4566: символ, представленный универсальным именем символа "\u00EC", невозможно представить в текущей кодовой странице (1251)
C:\projects\sem 3\sem_4_lab_4\lab_4.cpp(109,17): warning C4566: символ, представленный универсальным именем символа "\u00E6", невозможно представить в текущей кодовой странице (1251)
C:\projects\sem 3\sem_4_lab_4\lab_4.cpp(109,17): warning C4566: символ, представленный универсальным именем символа "\u00ED", невозможно представить в текущей кодовой странице (1251)
C:\projects\sem 3\sem_4_lab_4\lab_4.cpp(109,17): warning C4566: символ, представленный универсальным именем символа "\u00EF", невозможно представить в текущей кодовой странице (1251)
C:\projects\sem 3\sem_4_lab_4\lab_4.cpp(109,17): warning C4566: символ, представленный универсальным именем символа "\u00F0", невозможно представить в текущей кодовой странице (1251)
C:\projects\sem 3\sem_4_lab_4\lab_4.cpp(109,17): warning C4566: символ, представленный универсальным именем символа "\u00F1", невозможно представить в текущей кодовой странице (1251)
C:\projects\sem 3\sem_4_lab_4\lab_4.cpp(109,17): warning C4566: символ, представленный универсальным именем символа "\u00F2", невозможно представить в текущей кодовой странице (1251)
C:\projects\sem 3\sem_4_lab_4\lab_4.cpp(109,17): warning C4566: символ, представленный универсальным именем символа "\u00E8", невозможно представить в текущей кодовой странице (1251)
C:\projects\sem 3\sem_4_lab_4\lab_4.cpp(109,17): warning C4566: символ, представленный универсальным именем символа "\u00E0", невозможно представить в текущей кодовой странице (1251)
C:\projects\sem 3\sem_4_lab_4\lab_4.cpp(109,17): warning C4566: символ, представленный универсальным именем символа "\u00F6", невозможно представить в текущей кодовой странице (1251)
C:\projects\sem 3\sem_4_lab_4\lab_4.cpp(109,17): warning C4566: символ, представленный универсальным именем символа "\u00FE", невозможно представить в текущей кодовой странице (1251)
C:\projects\sem 3\sem_4_lab_4\lab_4.cpp(109,17): warning C4566: символ, представленный универсальным именем символа "\u00D0", невозможно представить в текущей кодовой странице (1251)
C:\projects\sem 3\sem_4_lab_4\lab_4.cpp(109,17): warning C4566: символ, представленный универсальным именем символа "\u00FB", невозможно представить в текущей кодовой странице (1251)
C:\projects\sem 3\sem_4_lab_4\lab_4.cpp(109,17): warning C4566: символ, представленный универсальным именем символа "\u00E4", невозможно представить в текущей кодовой странице (1251)
C:\projects\sem 3\sem_4_lab_4\lab_4.cpp(109,17): warning C4566: символ, представленный универсальным именем символа "\u00C2", невозможно представить в текущей кодовой странице (1251)
C:\projects\sem 3\sem_4_lab_4\lab_4.cpp(109,17): warning C4566: символ, представленный универсальным именем символа "\u00F9", невозможно представить в текущей кодовой странице (1251)
C:\projects\sem 3\sem_4_lab_4\lab_4.cpp(109,17): warning C4566: символ, представленный универсальным именем символа "\u00F3", невозможно представить в текущей кодовой странице (1251)
C:\projects\sem 3\sem_4_lab_4\lab_4.cpp(109,17): warning C4566: символ, представленный универсальным именем символа "\u00EB", невозможно представить в текущей кодовой странице (1251)
C:\projects\sem 3\sem_4_lab_4\lab_4.cpp(220,73): warning C4305: инициализация: усечение из "double" в "float"
C:\projects\sem 3\sem_4_lab_4\lab_4.cpp(224,116): warning C4305: инициализация: усечение из "double" в "float"
C:\projects\sem 3\sem_4_lab_4\lab_4.cpp(280,12): warning C4244: аргумент: преобразование "time_t" в "unsigned int", возможна потеря данных
C:\projects\sem 3\sem_4_lab_4\lab_4.cpp(159,21): warning C4018: <: несоответствие типов со знаком и без знака
C:\projects\sem 3\sem_4_lab_4\lab_4.cpp(158,1): message : во время компиляции функции-члена класс шаблон "void Matrix<double>::randFill(void)"
C:\projects\sem 3\sem_4_lab_4\lab_4.cpp(251,13): message : выполняется компиляция ссылки на экземпляр шаблон функции "void Matrix<double>::randFill(void)"
C:\projects\sem 3\sem_4_lab_4\lab_4.cpp(248,20): message : выполняется компиляция ссылки на экземпляр класс шаблон функции "Matrix<double>"
C:\projects\sem 3\sem_4_lab_4\lab_4.cpp(160,22): warning C4018: <: несоответствие типов со знаком и без знака
C:\projects\sem 3\sem_4_lab_4\lab_4.cpp(63,21): warning C4018: <: несоответствие типов со знаком и без знака
C:\projects\sem 3\sem_4_lab_4\lab_4.cpp(56,1): message : во время компиляции функции-члена класс шаблон "Matrix<double> &Matrix<double>::operator +(const Matrix<double> &) const"
C:\projects\sem 3\sem_4_lab_4\lab_4.cpp(253,5): message : выполняется компиляция ссылки на экземпляр шаблон функции "Matrix<double> &Matrix<double>::operator +(const Matrix<double> &) const"
C:\projects\sem 3\sem_4_lab_4\lab_4.cpp(64,22): warning C4018: <: несоответствие типов со знаком и без знака
C:\projects\sem 3\sem_4_lab_4\lab_4.cpp(50,21): warning C4018: <: несоответствие типов со знаком и без знака
C:\projects\sem 3\sem_4_lab_4\lab_4.cpp(47,1): message : во время компиляции функции-члена класс шаблон "Matrix<double>::Matrix(unsigned int,unsigned int)"
C:\projects\sem 3\sem_4_lab_4\lab_4.cpp(248,17): message : выполняется компиляция ссылки на экземпляр шаблон функции "Matrix<double>::Matrix(unsigned int,unsigned int)"
C:\projects\sem 3\sem_4_lab_4\lab_4.cpp(53,13): warning C4244: аргумент: преобразование "time_t" в "unsigned int", возможна потеря данных
C:\projects\sem 3\sem_4_lab_4\lab_4.cpp(167,21): warning C4018: <: несоответствие типов со знаком и без знака
C:\projects\sem 3\sem_4_lab_4\lab_4.cpp(166,1): message : во время компиляции функции-члена класс шаблон "void Matrix<double>::zeroFill(void)"
C:\projects\sem 3\sem_4_lab_4\lab_4.cpp(60,19): message : выполняется компиляция ссылки на экземпляр шаблон функции "void Matrix<double>::zeroFill(void)"
C:\projects\sem 3\sem_4_lab_4\lab_4.cpp(168,22): warning C4018: <: несоответствие типов со знаком и без знака
C:\projects\sem 3\sem_4_lab_4\lab_4.cpp(61): warning C4172: возвращение адреса локальной или временной переменной : result
C:\projects\sem 3\sem_4_lab_4\lab_4.cpp(69): warning C4172: возвращение адреса локальной или временной переменной : result
C:\projects\sem 3\sem_4_lab_4\lab_4.cpp(61): warning C4172: возвращение адреса локальной или временной переменной : result
C:\projects\sem 3\sem_4_lab_4\lab_4.cpp(69): warning C4172: возвращение адреса локальной или временной переменной : result
C:\projects\sem 3\sem_4_lab_4\lab_4.cpp(61): warning C4172: возвращение адреса локальной или временной переменной : result
C:\projects\sem 3\sem_4_lab_4\lab_4.cpp(69): warning C4172: возвращение адреса локальной или временной переменной : result
  sem_4_lab_4.vcxproj -> C:\projects\sem 3\sem_4_lab_4\x64\Debug\sem_4_lab_4.exe
